2026-06-08 15:23:07,238 INFO o.a.j.u.JMeterUtils: Setting Locale to en_EN
2026-06-08 15:23:07,297 INFO o.a.j.JMeter: Loading user properties from: /opt/apache-jmeter-5.6.3/bin/user.properties
2026-06-08 15:23:07,300 INFO o.a.j.JMeter: Loading system properties from: /opt/apache-jmeter-5.6.3/bin/system.properties
2026-06-08 15:23:07,302 INFO o.a.j.JMeter: Setting JMeter property: host=backend
2026-06-08 15:23:07,302 INFO o.a.j.JMeter: Setting JMeter property: port=8080
2026-06-08 15:23:07,303 INFO o.a.j.JMeter: Setting JMeter property: users=20
2026-06-08 15:23:07,303 INFO o.a.j.JMeter: Setting JMeter property: loops=10
2026-06-08 15:23:07,320 INFO o.a.j.JMeter: Copyright (c) 1998-2024 The Apache Software Foundation
2026-06-08 15:23:07,323 INFO o.a.j.JMeter: Version 5.6.3
2026-06-08 15:23:07,324 INFO o.a.j.JMeter: java.version=21.0.11
2026-06-08 15:23:07,325 INFO o.a.j.JMeter: java.vm.name=OpenJDK 64-Bit Server VM
2026-06-08 15:23:07,326 INFO o.a.j.JMeter: os.name=Linux
2026-06-08 15:23:07,326 INFO o.a.j.JMeter: os.arch=amd64
2026-06-08 15:23:07,327 INFO o.a.j.JMeter: os.version=6.6.114.1-microsoft-standard-WSL2
2026-06-08 15:23:07,327 INFO o.a.j.JMeter: file.encoding=UTF-8
2026-06-08 15:23:07,328 INFO o.a.j.JMeter: java.awt.headless=true
2026-06-08 15:23:07,329 INFO o.a.j.JMeter: Max memory     =1073741824
2026-06-08 15:23:07,329 INFO o.a.j.JMeter: Available Processors =8
2026-06-08 15:23:07,354 INFO o.a.j.JMeter: Default Locale=English (EN)
2026-06-08 15:23:07,357 INFO o.a.j.JMeter: JMeter  Locale=English (EN)
2026-06-08 15:23:07,358 INFO o.a.j.JMeter: JMeterHome=/opt/apache-jmeter-5.6.3
2026-06-08 15:23:07,358 INFO o.a.j.JMeter: user.dir  =/workspace
2026-06-08 15:23:07,359 INFO o.a.j.JMeter: PWD       =/workspace
2026-06-08 15:23:07,360 INFO o.a.j.JMeter: IP: 172.23.0.4 Name: d3c5fd79ed22 FullName: d3c5fd79ed22
2026-06-08 15:23:07,391 INFO o.a.j.JMeter: Setting property 'jmeter.reportgenerator.outputdir' to:'/tmp/irs-ci/jmeter/html'
2026-06-08 15:23:07,406 INFO o.a.j.s.FileServer: Default base='/workspace'
2026-06-08 15:23:07,409 INFO o.a.j.s.FileServer: Set new base='/workspace/tests/performance/jmeter'
2026-06-08 15:23:07,857 INFO o.a.j.s.SaveService: Testplan (JMX) version: 2.2. Testlog (JTL) version: 2.2
2026-06-08 15:23:07,917 INFO o.a.j.s.SaveService: Using SaveService properties version 5.0
2026-06-08 15:23:07,924 INFO o.a.j.s.SaveService: Using SaveService properties file encoding UTF-8
2026-06-08 15:23:07,931 INFO o.a.j.s.SaveService: Loading file: tests/performance/jmeter/research-stars-load-test.jmx
2026-06-08 15:23:08,050 INFO o.a.j.p.h.s.HTTPSamplerBase: Parser for text/html is org.apache.jmeter.protocol.http.parser.LagartoBasedHtmlParser
2026-06-08 15:23:08,051 INFO o.a.j.p.h.s.HTTPSamplerBase: Parser for application/xhtml+xml is org.apache.jmeter.protocol.http.parser.LagartoBasedHtmlParser
2026-06-08 15:23:08,052 INFO o.a.j.p.h.s.HTTPSamplerBase: Parser for application/xml is org.apache.jmeter.protocol.http.parser.LagartoBasedHtmlParser
2026-06-08 15:23:08,052 INFO o.a.j.p.h.s.HTTPSamplerBase: Parser for text/xml is org.apache.jmeter.protocol.http.parser.LagartoBasedHtmlParser
2026-06-08 15:23:08,052 INFO o.a.j.p.h.s.HTTPSamplerBase: Parser for text/vnd.wap.wml is org.apache.jmeter.protocol.http.parser.RegexpHTMLParser
2026-06-08 15:23:08,053 INFO o.a.j.p.h.s.HTTPSamplerBase: Parser for text/css is org.apache.jmeter.protocol.http.parser.CssParser
2026-06-08 15:23:08,180 INFO o.a.j.JMeter: Creating summariser <summary>
2026-06-08 15:23:08,188 INFO o.a.j.r.d.ReportGenerator: ReportGenerator will use for Parsing the separator: ','
2026-06-08 15:23:08,190 INFO o.a.j.r.d.ReportGenerator: Will generate report at end of test from  results file: /tmp/irs-ci/jmeter/results.jtl
2026-06-08 15:23:08,191 INFO o.a.j.r.d.ReportGenerator: Reading report generator properties from: /opt/apache-jmeter-5.6.3/bin/reportgenerator.properties
2026-06-08 15:23:08,192 INFO o.a.j.r.d.ReportGenerator: Merging with JMeter properties
2026-06-08 15:23:08,204 INFO o.a.j.r.c.ReportGeneratorConfiguration: Property 'jmeter.reportgenerator.temp_dir' not found, using default value 'temp' instead.
2026-06-08 15:23:08,209 INFO o.a.j.r.c.ReportGeneratorConfiguration: Property 'jmeter.reportgenerator.apdex_per_transaction' not found, using default value 'null' instead.
2026-06-08 15:23:08,210 INFO o.a.j.r.c.ReportGeneratorConfiguration: apdex_per_transaction is empty, not APDEX per transaction customization
2026-06-08 15:23:08,211 INFO o.a.j.r.c.ReportGeneratorConfiguration: Property 'jmeter.reportgenerator.sample_filter' not found, using default value 'null' instead.
2026-06-08 15:23:08,211 INFO o.a.j.r.c.ReportGeneratorConfiguration: Property 'jmeter.reportgenerator.report_title' not found, using default value 'null' instead.
2026-06-08 15:23:08,212 INFO o.a.j.r.c.ReportGeneratorConfiguration: Property 'jmeter.reportgenerator.start_date' not found, using default value 'null' instead.
2026-06-08 15:23:08,212 INFO o.a.j.r.c.ReportGeneratorConfiguration: Property 'jmeter.reportgenerator.end_date' not found, using default value 'null' instead.
2026-06-08 15:23:08,213 INFO o.a.j.r.c.ReportGeneratorConfiguration: Property 'jmeter.reportgenerator.date_format' not found, using default value 'null' instead.
2026-06-08 15:23:08,216 INFO o.a.j.r.c.ReportGeneratorConfiguration: Will use date range start date: null, end date: null
2026-06-08 15:23:08,223 INFO o.a.j.r.c.ReportGeneratorConfiguration: Property 'jmeter.reportgenerator.graph.totalTPS.exclude_controllers' not found, using default value 'false' instead.
2026-06-08 15:23:08,226 INFO o.a.j.r.c.ReportGeneratorConfiguration: Property 'jmeter.reportgenerator.graph.activeThreadsOverTime.exclude_controllers' not found, using default value 'false' instead.
2026-06-08 15:23:08,227 INFO o.a.j.r.c.ReportGeneratorConfiguration: Property 'jmeter.reportgenerator.graph.timeVsThreads.exclude_controllers' not found, using default value 'false' instead.
2026-06-08 15:23:08,228 INFO o.a.j.r.c.ReportGeneratorConfiguration: Property 'jmeter.reportgenerator.graph.responseTimeDistribution.exclude_controllers' not found, using default value 'false' instead.
2026-06-08 15:23:08,229 INFO o.a.j.r.c.ReportGeneratorConfiguration: Property 'jmeter.reportgenerator.graph.transactionsPerSecond.exclude_controllers' not found, using default value 'false' instead.
2026-06-08 15:23:08,232 INFO o.a.j.r.c.ReportGeneratorConfiguration: Property 'jmeter.reportgenerator.graph.responseTimePercentiles.exclude_controllers' not found, using default value 'false' instead.
2026-06-08 15:23:08,233 INFO o.a.j.r.c.ReportGeneratorConfiguration: Property 'jmeter.reportgenerator.graph.responseTimePercentilesOverTime.exclude_controllers' not found, using default value 'false' instead.
2026-06-08 15:23:08,234 INFO o.a.j.r.c.ReportGeneratorConfiguration: Property 'jmeter.reportgenerator.graph.responseTimesOverTime.exclude_controllers' not found, using default value 'false' instead.
2026-06-08 15:23:08,235 INFO o.a.j.r.c.ReportGeneratorConfiguration: Property 'jmeter.reportgenerator.graph.connectTimeOverTime.exclude_controllers' not found, using default value 'false' instead.
2026-06-08 15:23:08,236 INFO o.a.j.r.c.ReportGeneratorConfiguration: Property 'jmeter.reportgenerator.graph.latenciesOverTime.exclude_controllers' not found, using default value 'false' instead.
2026-06-08 15:23:08,238 INFO o.a.j.r.c.ReportGeneratorConfiguration: Property 'jmeter.reportgenerator.exporter.json.filters_only_sample_series' not found, using default value 'true' instead.
2026-06-08 15:23:08,240 INFO o.a.j.r.c.ReportGeneratorConfiguration: Property 'jmeter.reportgenerator.exporter.json.series_filter' not found, using default value '' instead.
2026-06-08 15:23:08,241 INFO o.a.j.r.c.ReportGeneratorConfiguration: Property 'jmeter.reportgenerator.exporter.json.show_controllers_only' not found, using default value 'false' instead.
2026-06-08 15:23:08,242 INFO o.a.j.r.c.ReportGeneratorConfiguration: Property 'jmeter.reportgenerator.exporter.html.filters_only_sample_series' not found, using default value 'true' instead.
2026-06-08 15:23:08,243 INFO o.a.j.r.c.ReportGeneratorConfiguration: Property 'jmeter.reportgenerator.exporter.html.series_filter' not found, using default value '' instead.
2026-06-08 15:23:08,244 INFO o.a.j.r.c.ReportGeneratorConfiguration: Property 'jmeter.reportgenerator.exporter.html.show_controllers_only' not found, using default value 'false' instead.
2026-06-08 15:23:08,265 INFO o.a.j.e.StandardJMeterEngine: Running the test!
2026-06-08 15:23:08,267 INFO o.a.j.s.SampleEvent: List of sample_variables: []
2026-06-08 15:23:08,268 INFO o.a.j.s.SampleEvent: List of sample_variables: []
2026-06-08 15:23:08,277 INFO o.a.j.e.u.CompoundVariable: Note: Function class names must contain the string: '.functions.'
2026-06-08 15:23:08,278 INFO o.a.j.e.u.CompoundVariable: Note: Function class names must not contain the string: '.gui.'
2026-06-08 15:23:08,413 INFO o.a.j.JMeter: Running test (1780932188413)
2026-06-08 15:23:08,448 INFO o.a.j.e.StandardJMeterEngine: Starting ThreadGroup: 1 : Usuários - Fluxo Admin
2026-06-08 15:23:08,449 INFO o.a.j.e.StandardJMeterEngine: Starting 20 threads for group Usuários - Fluxo Admin.
2026-06-08 15:23:08,450 INFO o.a.j.e.StandardJMeterEngine: Thread will continue on error
2026-06-08 15:23:08,451 INFO o.a.j.t.ThreadGroup: Starting thread group... number=1 threads=20 ramp-up=5 delayedStart=false
2026-06-08 15:23:08,466 INFO o.a.j.t.JMeterThread: Thread started: Usuários - Fluxo Admin 1-1
2026-06-08 15:23:08,501 INFO o.a.j.t.ThreadGroup: Started thread group number 1
2026-06-08 15:23:08,502 INFO o.a.j.e.StandardJMeterEngine: All thread groups have been started
2026-06-08 15:23:08,706 INFO o.a.j.t.JMeterThread: Thread started: Usuários - Fluxo Admin 1-2
2026-06-08 15:23:08,943 INFO o.a.j.p.h.s.HTTPHCAbstractImpl: Local host = d3c5fd79ed22
2026-06-08 15:23:08,954 INFO o.a.j.t.JMeterThread: Thread started: Usuários - Fluxo Admin 1-3
2026-06-08 15:23:08,958 INFO o.a.j.p.h.s.HTTPHC4Impl: HTTP request retry count = 0
2026-06-08 15:23:08,962 INFO o.a.j.s.SampleResult: Note: Sample TimeStamps are START times
2026-06-08 15:23:08,962 INFO o.a.j.s.SampleResult: sampleresult.default.encoding is set to UTF-8
2026-06-08 15:23:08,963 INFO o.a.j.s.SampleResult: sampleresult.useNanoTime=true
2026-06-08 15:23:08,965 INFO o.a.j.s.SampleResult: sampleresult.nanoThreadSleep=5000
2026-06-08 15:23:09,206 INFO o.a.j.t.JMeterThread: Thread started: Usuários - Fluxo Admin 1-4
2026-06-08 15:23:09,455 INFO o.a.j.t.JMeterThread: Thread started: Usuários - Fluxo Admin 1-5
2026-06-08 15:23:09,706 INFO o.a.j.t.JMeterThread: Thread started: Usuários - Fluxo Admin 1-6
2026-06-08 15:23:09,953 INFO o.a.j.t.JMeterThread: Thread started: Usuários - Fluxo Admin 1-7
2026-06-08 15:23:10,221 INFO o.a.j.t.JMeterThread: Thread started: Usuários - Fluxo Admin 1-8
2026-06-08 15:23:10,457 INFO o.a.j.t.JMeterThread: Thread started: Usuários - Fluxo Admin 1-9
2026-06-08 15:23:10,707 INFO o.a.j.t.JMeterThread: Thread started: Usuários - Fluxo Admin 1-10
2026-06-08 15:23:10,953 INFO o.a.j.t.JMeterThread: Thread started: Usuários - Fluxo Admin 1-11
2026-06-08 15:23:11,202 INFO o.a.j.t.JMeterThread: Thread started: Usuários - Fluxo Admin 1-12
2026-06-08 15:23:11,454 INFO o.a.j.t.JMeterThread: Thread started: Usuários - Fluxo Admin 1-13
2026-06-08 15:23:11,706 INFO o.a.j.t.JMeterThread: Thread started: Usuários - Fluxo Admin 1-14
2026-06-08 15:23:11,953 INFO o.a.j.t.JMeterThread: Thread started: Usuários - Fluxo Admin 1-15
2026-06-08 15:23:12,203 INFO o.a.j.t.JMeterThread: Thread started: Usuários - Fluxo Admin 1-16
2026-06-08 15:23:12,454 INFO o.a.j.t.JMeterThread: Thread started: Usuários - Fluxo Admin 1-17
2026-06-08 15:23:12,704 INFO o.a.j.t.JMeterThread: Thread started: Usuários - Fluxo Admin 1-18
2026-06-08 15:23:12,965 INFO o.a.j.t.JMeterThread: Thread started: Usuários - Fluxo Admin 1-19
2026-06-08 15:23:13,203 INFO o.a.j.t.JMeterThread: Thread started: Usuários - Fluxo Admin 1-20
2026-06-08 15:23:22,417 INFO o.a.j.t.JMeterThread: Thread is done: Usuários - Fluxo Admin 1-4
2026-06-08 15:23:22,420 INFO o.a.j.t.JMeterThread: Thread finished: Usuários - Fluxo Admin 1-4
2026-06-08 15:23:22,495 INFO o.a.j.t.JMeterThread: Thread is done: Usuários - Fluxo Admin 1-1
2026-06-08 15:23:22,511 INFO o.a.j.t.JMeterThread: Thread finished: Usuários - Fluxo Admin 1-1
2026-06-08 15:23:22,801 INFO o.a.j.t.JMeterThread: Thread is done: Usuários - Fluxo Admin 1-2
2026-06-08 15:23:22,811 INFO o.a.j.t.JMeterThread: Thread finished: Usuários - Fluxo Admin 1-2
2026-06-08 15:23:23,109 INFO o.a.j.t.JMeterThread: Thread is done: Usuários - Fluxo Admin 1-3
2026-06-08 15:23:23,111 INFO o.a.j.t.JMeterThread: Thread finished: Usuários - Fluxo Admin 1-3
2026-06-08 15:23:23,382 INFO o.a.j.t.JMeterThread: Thread is done: Usuários - Fluxo Admin 1-6
2026-06-08 15:23:23,383 INFO o.a.j.t.JMeterThread: Thread finished: Usuários - Fluxo Admin 1-6
2026-06-08 15:23:23,408 INFO o.a.j.t.JMeterThread: Thread is done: Usuários - Fluxo Admin 1-9
2026-06-08 15:23:23,409 INFO o.a.j.t.JMeterThread: Thread finished: Usuários - Fluxo Admin 1-9
2026-06-08 15:23:23,506 INFO o.a.j.t.JMeterThread: Thread is done: Usuários - Fluxo Admin 1-5
2026-06-08 15:23:23,515 INFO o.a.j.t.JMeterThread: Thread finished: Usuários - Fluxo Admin 1-5
2026-06-08 15:23:24,642 INFO o.a.j.t.JMeterThread: Thread is done: Usuários - Fluxo Admin 1-8
2026-06-08 15:23:24,656 INFO o.a.j.t.JMeterThread: Thread finished: Usuários - Fluxo Admin 1-8
2026-06-08 15:23:24,813 INFO o.a.j.t.JMeterThread: Thread is done: Usuários - Fluxo Admin 1-11
2026-06-08 15:23:24,815 INFO o.a.j.t.JMeterThread: Thread finished: Usuários - Fluxo Admin 1-11
2026-06-08 15:23:24,976 INFO o.a.j.t.JMeterThread: Thread is done: Usuários - Fluxo Admin 1-7
2026-06-08 15:23:24,981 INFO o.a.j.t.JMeterThread: Thread finished: Usuários - Fluxo Admin 1-7
2026-06-08 15:23:25,018 INFO o.a.j.t.JMeterThread: Thread is done: Usuários - Fluxo Admin 1-15
2026-06-08 15:23:25,026 INFO o.a.j.t.JMeterThread: Thread finished: Usuários - Fluxo Admin 1-15
2026-06-08 15:23:25,066 INFO o.a.j.t.JMeterThread: Thread is done: Usuários - Fluxo Admin 1-12
2026-06-08 15:23:25,070 INFO o.a.j.t.JMeterThread: Thread finished: Usuários - Fluxo Admin 1-12
2026-06-08 15:23:25,650 INFO o.a.j.t.JMeterThread: Thread is done: Usuários - Fluxo Admin 1-10
2026-06-08 15:23:25,650 INFO o.a.j.t.JMeterThread: Thread finished: Usuários - Fluxo Admin 1-10
2026-06-08 15:23:25,994 INFO o.a.j.t.JMeterThread: Thread is done: Usuários - Fluxo Admin 1-16
2026-06-08 15:23:25,995 INFO o.a.j.t.JMeterThread: Thread finished: Usuários - Fluxo Admin 1-16
2026-06-08 15:23:26,006 INFO o.a.j.t.JMeterThread: Thread is done: Usuários - Fluxo Admin 1-14
2026-06-08 15:23:26,007 INFO o.a.j.t.JMeterThread: Thread finished: Usuários - Fluxo Admin 1-14
2026-06-08 15:23:26,246 INFO o.a.j.t.JMeterThread: Thread is done: Usuários - Fluxo Admin 1-13
2026-06-08 15:23:26,247 INFO o.a.j.t.JMeterThread: Thread finished: Usuários - Fluxo Admin 1-13
2026-06-08 15:23:26,270 INFO o.a.j.t.JMeterThread: Thread is done: Usuários - Fluxo Admin 1-19
2026-06-08 15:23:26,271 INFO o.a.j.t.JMeterThread: Thread finished: Usuários - Fluxo Admin 1-19
2026-06-08 15:23:26,454 INFO o.a.j.t.JMeterThread: Thread is done: Usuários - Fluxo Admin 1-18
2026-06-08 15:23:26,455 INFO o.a.j.t.JMeterThread: Thread finished: Usuários - Fluxo Admin 1-18
2026-06-08 15:23:27,011 INFO o.a.j.t.JMeterThread: Thread is done: Usuários - Fluxo Admin 1-20
2026-06-08 15:23:27,013 INFO o.a.j.t.JMeterThread: Thread finished: Usuários - Fluxo Admin 1-20
2026-06-08 15:23:27,840 INFO o.a.j.t.JMeterThread: Thread is done: Usuários - Fluxo Admin 1-17
2026-06-08 15:23:27,842 INFO o.a.j.t.JMeterThread: Thread finished: Usuários - Fluxo Admin 1-17
2026-06-08 15:23:27,843 INFO o.a.j.e.StandardJMeterEngine: Notifying test listeners of end of test
2026-06-08 15:23:27,854 INFO o.a.j.r.Summariser: summary =    600 in 00:00:19 =   30.9/s Avg:   104 Min:     6 Max:   660 Err:     0 (0.00%)
2026-06-08 15:23:27,857 INFO o.a.j.JMeter: Generating Dashboard
2026-06-08 15:23:27,858 INFO o.a.j.r.d.ReportGenerator: Flushing result collector before report Generation
2026-06-08 15:23:27,891 INFO o.a.j.r.p.NormalizerSampleConsumer: Using format, 'ms', to parse timeStamp field
2026-06-08 15:23:28,539 INFO o.a.j.r.p.AbstractSampleConsumer: class org.apache.jmeter.report.processor.AggregateConsumer#stopProducing(): beginDate produced 0 samples
2026-06-08 15:23:28,545 INFO o.a.j.r.p.AbstractSampleConsumer: class org.apache.jmeter.report.processor.AggregateConsumer#stopProducing(): endDate produced 0 samples
2026-06-08 15:23:28,561 INFO o.a.j.r.p.AbstractSampleConsumer: class org.apache.jmeter.report.processor.ApdexSummaryConsumer#stopProducing(): apdexSummary produced 0 samples
2026-06-08 15:23:28,566 INFO o.a.j.r.p.AbstractSampleConsumer: class org.apache.jmeter.report.processor.RequestsSummaryConsumer#stopProducing(): requestsSummary produced 0 samples
2026-06-08 15:23:28,582 INFO o.a.j.r.p.AbstractSampleConsumer: class org.apache.jmeter.report.processor.StatisticsSummaryConsumer#stopProducing(): statisticsSummary produced 0 samples
2026-06-08 15:23:28,607 INFO o.a.j.r.p.AbstractSampleConsumer: class org.apache.jmeter.report.processor.Top5ErrorsBySamplerConsumer#stopProducing(): top5ErrorsBySampler produced 0 samples
2026-06-08 15:23:28,611 INFO o.a.j.r.p.AbstractSampleConsumer: class org.apache.jmeter.report.processor.ErrorsSummaryConsumer#stopProducing(): errorsSummary produced 0 samples
2026-06-08 15:23:28,625 INFO o.a.j.r.p.AbstractSampleConsumer: class org.apache.jmeter.report.processor.graph.impl.HitsPerSecondGraphConsumer#stopProducing(): hitsPerSecond produced 0 samples
2026-06-08 15:23:29,005 INFO o.a.j.r.p.AbstractSampleConsumer: class org.apache.jmeter.report.processor.graph.impl.LatencyVSRequestGraphConsumer#stopProducing(): latencyVsRequest produced 0 samples
2026-06-08 15:23:29,011 INFO o.a.j.r.p.AbstractSampleConsumer: class org.apache.jmeter.report.processor.graph.impl.SyntheticResponseTimeDistributionGraphConsumer#stopProducing(): syntheticResponseTimeDistribution produced 0 samples
2026-06-08 15:23:29,017 INFO o.a.j.r.p.AbstractSampleConsumer: class org.apache.jmeter.report.processor.graph.impl.BytesThroughputGraphConsumer#stopProducing(): bytesThroughputOverTime produced 0 samples
2026-06-08 15:23:29,021 INFO o.a.j.r.p.AbstractSampleConsumer: class org.apache.jmeter.report.processor.graph.impl.CodesPerSecondGraphConsumer#stopProducing(): codesPerSecond produced 0 samples
2026-06-08 15:23:29,243 INFO o.a.j.r.p.AbstractSampleConsumer: class org.apache.jmeter.report.processor.graph.impl.ResponseTimeVSRequestGraphConsumer#stopProducing(): responseTimeVsRequest produced 0 samples
2026-06-08 15:23:29,244 INFO o.a.j.r.p.AbstractSampleConsumer: class org.apache.jmeter.report.processor.FilterConsumer#stopProducing(): startIntervalControlerFilter produced 4200 samples
2026-06-08 15:23:29,245 INFO o.a.j.r.p.AbstractSampleConsumer: class org.apache.jmeter.report.processor.graph.impl.TotalTPSGraphConsumer#stopProducing(): totalTPS produced 0 samples
2026-06-08 15:23:29,247 INFO o.a.j.r.p.AbstractSampleConsumer: class org.apache.jmeter.report.processor.graph.impl.ActiveThreadsGraphConsumer#stopProducing(): activeThreadsOverTime produced 0 samples
2026-06-08 15:23:29,250 INFO o.a.j.r.p.AbstractSampleConsumer: class org.apache.jmeter.report.processor.graph.impl.TimeVSThreadGraphConsumer#stopProducing(): timeVsThreads produced 0 samples
2026-06-08 15:23:29,251 INFO o.a.j.r.p.AbstractSampleConsumer: class org.apache.jmeter.report.processor.graph.impl.ResponseTimeDistributionGraphConsumer#stopProducing(): responseTimeDistribution produced 0 samples
2026-06-08 15:23:29,251 INFO o.a.j.r.p.AbstractSampleConsumer: class org.apache.jmeter.report.processor.graph.impl.TransactionsPerSecondGraphConsumer#stopProducing(): transactionsPerSecond produced 0 samples
2026-06-08 15:23:29,252 INFO o.a.j.r.p.AbstractSampleConsumer: class org.apache.jmeter.report.processor.graph.impl.ResponseTimePercentilesGraphConsumer#stopProducing(): responseTimePercentiles produced 0 samples
2026-06-08 15:23:29,258 INFO o.a.j.r.p.AbstractSampleConsumer: class org.apache.jmeter.report.processor.graph.impl.ResponseTimePercentilesOverTimeGraphConsumer#stopProducing(): responseTimePercentilesOverTime produced 0 samples
2026-06-08 15:23:29,259 INFO o.a.j.r.p.AbstractSampleConsumer: class org.apache.jmeter.report.processor.graph.impl.ResponseTimeOverTimeGraphConsumer#stopProducing(): responseTimesOverTime produced 0 samples
2026-06-08 15:23:29,260 INFO o.a.j.r.p.AbstractSampleConsumer: class org.apache.jmeter.report.processor.graph.impl.ConnectTimeOverTimeGraphConsumer#stopProducing(): connectTimeOverTime produced 0 samples
2026-06-08 15:23:29,261 INFO o.a.j.r.p.AbstractSampleConsumer: class org.apache.jmeter.report.processor.graph.impl.LatencyOverTimeGraphConsumer#stopProducing(): latenciesOverTime produced 0 samples
2026-06-08 15:23:29,262 INFO o.a.j.r.p.AbstractSampleConsumer: class org.apache.jmeter.report.processor.FilterConsumer#stopProducing(): nameFilter produced 9000 samples
2026-06-08 15:23:29,266 INFO o.a.j.r.p.AbstractSampleConsumer: class org.apache.jmeter.report.processor.FilterConsumer#stopProducing(): dateRangeFilter produced 1800 samples
2026-06-08 15:23:29,267 INFO o.a.j.r.p.AbstractSampleConsumer: class org.apache.jmeter.report.processor.NormalizerSampleConsumer#stopProducing(): normalizer produced 600 samples
2026-06-08 15:23:29,269 INFO o.a.j.r.p.CsvFileSampleSource: produce(): 600 samples produced in 1s 321 ms on channel 0
2026-06-08 15:23:29,270 INFO o.a.j.r.d.ReportGenerator: Exporting data using exporter:'json' of className:'org.apache.jmeter.report.dashboard.JsonExporter'
2026-06-08 15:23:29,535 INFO o.a.j.r.d.JsonExporter: Found data for consumer statisticsSummary in context
2026-06-08 15:23:29,536 INFO o.a.j.r.d.JsonExporter: Creating statistics for overall
2026-06-08 15:23:29,538 INFO o.a.j.r.d.JsonExporter: Creating statistics for other transactions
2026-06-08 15:23:29,541 INFO o.a.j.r.d.JsonExporter: Checking output folder
2026-06-08 15:23:29,543 INFO o.a.j.r.d.JsonExporter: Writing statistics JSON to /tmp/irs-ci/jmeter/html/statistics.json
2026-06-08 15:23:29,686 INFO o.a.j.r.d.ReportGenerator: Exporting data using exporter:'html' of className:'org.apache.jmeter.report.dashboard.HtmlTemplateExporter'
2026-06-08 15:23:29,692 INFO o.a.j.r.d.HtmlTemplateExporter: Will generate dashboard in folder: /tmp/irs-ci/jmeter/html
2026-06-08 15:23:30,145 INFO o.a.j.r.d.HtmlTemplateExporter: Report will be generated in: /tmp/irs-ci/jmeter/html, creating folder structure
2026-06-08 15:23:30,158 INFO o.a.j.r.d.TemplateVisitor: Copying folder from '/opt/apache-jmeter-5.6.3/bin/report-template' to '/tmp/irs-ci/jmeter/html', got message: /tmp/irs-ci/jmeter/html, found non empty folder with following content [/tmp/irs-ci/jmeter/html/statistics.json], will be ignored
2026-06-08 15:23:30,623 INFO o.a.j.JMeter: Dashboard generated
